[debug] [2025-07-22T07:02:27.327Z] ----------------------------------------------------------------------
[debug] [2025-07-22T07:02:27.332Z] Command:       C:\Program Files\nodejs\node.exe C:\Users\ralph\AppData\Roaming\npm\node_modules\firebase-tools\lib\bin\firebase.js init functions
[debug] [2025-07-22T07:02:27.333Z] CLI Version:   14.11.0
[debug] [2025-07-22T07:02:27.333Z] Platform:      win32
[debug] [2025-07-22T07:02:27.333Z] Node Version:  v22.12.0
[debug] [2025-07-22T07:02:27.334Z] Time:          Mon Jul 21 2025 21:02:27 GMT-1000 (Hawaii-Aleutian Standard Time)
[debug] [2025-07-22T07:02:27.334Z] ----------------------------------------------------------------------
[debug] 
[debug] [2025-07-22T07:02:27.732Z] > command requires scopes: ["email","openid","https://www.googleapis.com/auth/cloudplatformprojects.readonly","https://www.googleapis.com/auth/firebase","https://www.googleapis.com/auth/cloud-platform"]
[debug] [2025-07-22T07:02:27.733Z] > authorizing via signed-in user (22ralph.ramos@gmail.com)
[info] 
     ######## #### ########  ######## ########     ###     ######  ########
     ##        ##  ##     ## ##       ##     ##  ##   ##  ##       ##
     ######    ##  ########  ######   ########  #########  ######  ######
     ##        ##  ##    ##  ##       ##     ## ##     ##       ## ##
     ##       #### ##     ## ######## ########  ##     ##  ######  ########

You're about to initialize a Firebase project in this directory:

  C:\Users\ralph\projects\decij

Before we get started, keep in mind:

  * You are initializing within an existing Firebase project directory

[info] 
=== Project Setup
[info] 
[info] First, let's associate this project directory with a Firebase project.
[info] You can create multiple project aliases by running firebase use --add, 
[info] but for now we'll just set up a default project.
[info] 
[debug] [2025-07-22T07:02:30.262Z] Using project from CLI flag: decij-1eaab
[debug] [2025-07-22T07:02:30.264Z] Checked if tokens are valid: true, expires at: 1753171219769
[debug] [2025-07-22T07:02:30.265Z] Checked if tokens are valid: true, expires at: 1753171219769
[debug] [2025-07-22T07:02:30.267Z] >>> [apiv2][query] GET https://firebase.googleapis.com/v1beta1/projects/decij-1eaab [none]
[debug] [2025-07-22T07:02:30.779Z] <<< [apiv2][status] GET https://firebase.googleapis.com/v1beta1/projects/decij-1eaab 200
[debug] [2025-07-22T07:02:30.779Z] <<< [apiv2][body] GET https://firebase.googleapis.com/v1beta1/projects/decij-1eaab {"projectId":"decij-1eaab","projectNumber":"627464272434","displayName":"DeciJ","name":"projects/decij-1eaab","resources":{"hostingSite":"decij-1eaab"},"state":"ACTIVE","etag":"1_f97149e7-f5ce-4015-9761-7a6d2afeec44"}
[info] i  Using project decij-1eaab (DeciJ) 
[info] 
=== Functions Setup
[debug] [2025-07-22T07:02:30.805Z] > command requires scopes: ["email","openid","https://www.googleapis.com/auth/cloudplatformprojects.readonly","https://www.googleapis.com/auth/firebase","https://www.googleapis.com/auth/cloud-platform"]
[debug] [2025-07-22T07:02:30.806Z] > authorizing via signed-in user (22ralph.ramos@gmail.com)
[debug] [2025-07-22T07:02:30.806Z] [iam] checking project decij-1eaab for permissions ["firebase.projects.get"]
[debug] [2025-07-22T07:02:30.807Z] Checked if tokens are valid: true, expires at: 1753171219769
[debug] [2025-07-22T07:02:30.807Z] Checked if tokens are valid: true, expires at: 1753171219769
[debug] [2025-07-22T07:02:30.807Z] >>> [apiv2][query] POST https://cloudresourcemanager.googleapis.com/v1/projects/decij-1eaab:testIamPermissions [none]
[debug] [2025-07-22T07:02:30.807Z] >>> [apiv2][(partial)header] POST https://cloudresourcemanager.googleapis.com/v1/projects/decij-1eaab:testIamPermissions x-goog-quota-user=projects/decij-1eaab
[debug] [2025-07-22T07:02:30.807Z] >>> [apiv2][body] POST https://cloudresourcemanager.googleapis.com/v1/projects/decij-1eaab:testIamPermissions {"permissions":["firebase.projects.get"]}
[debug] [2025-07-22T07:02:31.105Z] <<< [apiv2][status] POST https://cloudresourcemanager.googleapis.com/v1/projects/decij-1eaab:testIamPermissions 200
[debug] [2025-07-22T07:02:31.106Z] <<< [apiv2][body] POST https://cloudresourcemanager.googleapis.com/v1/projects/decij-1eaab:testIamPermissions {"permissions":["firebase.projects.get"]}
[info] 
Detected existing codebase(s): default

[info] 
Overwriting codebase default...

[debug] [2025-07-22T07:03:21.211Z] ExitPromptError: User force closed the prompt with SIGINT
    at Interface.sigint (C:\Users\ralph\AppData\Roaming\npm\node_modules\firebase-tools\node_modules\@inquirer\core\dist\commonjs\lib\create-prompt.js:101:37)
    at Interface.emit (node:events:524:28)
    at Interface.emit (node:domain:489:12)
    at [_ttyWrite] [as _ttyWrite] (node:internal/readline/interface:1124:18)
    at ReadStream.onkeypress (node:internal/readline/interface:263:20)
    at ReadStream.emit (node:events:536:35)
    at ReadStream.emit (node:domain:489:12)
    at emitKeys (node:internal/readline/utils:370:14)
    at emitKeys.next (<anonymous>)
    at ReadStream.onData (node:internal/readline/emitKeypressEvents:64:36)
[error] 
[error] Error: An unexpected error has occurred.
[debug] [2025-07-22T08:31:09.879Z] ----------------------------------------------------------------------
[debug] [2025-07-22T08:31:09.882Z] Command:       C:\Program Files\nodejs\node.exe C:\Users\ralph\AppData\Roaming\npm\node_modules\firebase-tools\lib\bin\firebase.js init functions
[debug] [2025-07-22T08:31:09.882Z] CLI Version:   14.11.0
[debug] [2025-07-22T08:31:09.883Z] Platform:      win32
[debug] [2025-07-22T08:31:09.883Z] Node Version:  v22.12.0
[debug] [2025-07-22T08:31:09.883Z] Time:          Mon Jul 21 2025 22:31:09 GMT-1000 (Hawaii-Aleutian Standard Time)
[debug] [2025-07-22T08:31:09.883Z] ----------------------------------------------------------------------
[debug] 
[debug] [2025-07-22T08:31:10.140Z] > command requires scopes: ["email","openid","https://www.googleapis.com/auth/cloudplatformprojects.readonly","https://www.googleapis.com/auth/firebase","https://www.googleapis.com/auth/cloud-platform"]
[debug] [2025-07-22T08:31:10.141Z] > authorizing via signed-in user (22ralph.ramos@gmail.com)
[info] 
     ######## #### ########  ######## ########     ###     ######  ########
     ##        ##  ##     ## ##       ##     ##  ##   ##  ##       ##
     ######    ##  ########  ######   ########  #########  ######  ######
     ##        ##  ##    ##  ##       ##     ## ##     ##       ## ##
     ##       #### ##     ## ######## ########  ##     ##  ######  ########

You're about to initialize a Firebase project in this directory:

  C:\Users\ralph\projects\decij

Before we get started, keep in mind:

  * You are initializing within an existing Firebase project directory

[info] 
=== Project Setup
[info] 
[info] First, let's associate this project directory with a Firebase project.
[info] You can create multiple project aliases by running firebase use --add, 
[info] but for now we'll just set up a default project.
[info] 
[debug] [2025-07-22T08:31:15.151Z] Using project from CLI flag: decij-1eaab
[debug] [2025-07-22T08:31:15.152Z] Checked if tokens are valid: false, expires at: 1753171219769
[debug] [2025-07-22T08:31:15.152Z] Checked if tokens are valid: false, expires at: 1753171219769
[debug] [2025-07-22T08:31:15.152Z] > refreshing access token with scopes: []
[debug] [2025-07-22T08:31:15.154Z] >>> [apiv2][query] POST https://www.googleapis.com/oauth2/v3/token [none]
[debug] [2025-07-22T08:31:15.154Z] >>> [apiv2][body] POST https://www.googleapis.com/oauth2/v3/token [omitted]
[debug] [2025-07-22T08:31:15.518Z] <<< [apiv2][status] POST https://www.googleapis.com/oauth2/v3/token 200
[debug] [2025-07-22T08:31:15.518Z] <<< [apiv2][body] POST https://www.googleapis.com/oauth2/v3/token [omitted]
[debug] [2025-07-22T08:31:15.531Z] >>> [apiv2][query] GET https://firebase.googleapis.com/v1beta1/projects/decij-1eaab [none]
[debug] [2025-07-22T08:31:15.881Z] <<< [apiv2][status] GET https://firebase.googleapis.com/v1beta1/projects/decij-1eaab 200
[debug] [2025-07-22T08:31:15.881Z] <<< [apiv2][body] GET https://firebase.googleapis.com/v1beta1/projects/decij-1eaab {"projectId":"decij-1eaab","projectNumber":"627464272434","displayName":"DeciJ","name":"projects/decij-1eaab","resources":{"hostingSite":"decij-1eaab"},"state":"ACTIVE","etag":"1_f97149e7-f5ce-4015-9761-7a6d2afeec44"}
[info] i  Using project decij-1eaab (DeciJ) 
[info] 
=== Functions Setup
[debug] [2025-07-22T08:31:15.886Z] > command requires scopes: ["email","openid","https://www.googleapis.com/auth/cloudplatformprojects.readonly","https://www.googleapis.com/auth/firebase","https://www.googleapis.com/auth/cloud-platform"]
[debug] [2025-07-22T08:31:15.887Z] > authorizing via signed-in user (22ralph.ramos@gmail.com)
[debug] [2025-07-22T08:31:15.887Z] [iam] checking project decij-1eaab for permissions ["firebase.projects.get"]
[debug] [2025-07-22T08:31:15.887Z] Checked if tokens are valid: true, expires at: 1753176674518
[debug] [2025-07-22T08:31:15.887Z] Checked if tokens are valid: true, expires at: 1753176674518
[debug] [2025-07-22T08:31:15.887Z] >>> [apiv2][query] POST https://cloudresourcemanager.googleapis.com/v1/projects/decij-1eaab:testIamPermissions [none]
[debug] [2025-07-22T08:31:15.887Z] >>> [apiv2][(partial)header] POST https://cloudresourcemanager.googleapis.com/v1/projects/decij-1eaab:testIamPermissions x-goog-quota-user=projects/decij-1eaab
[debug] [2025-07-22T08:31:15.887Z] >>> [apiv2][body] POST https://cloudresourcemanager.googleapis.com/v1/projects/decij-1eaab:testIamPermissions {"permissions":["firebase.projects.get"]}
[debug] [2025-07-22T08:31:16.254Z] <<< [apiv2][status] POST https://cloudresourcemanager.googleapis.com/v1/projects/decij-1eaab:testIamPermissions 200
[debug] [2025-07-22T08:31:16.254Z] <<< [apiv2][body] POST https://cloudresourcemanager.googleapis.com/v1/projects/decij-1eaab:testIamPermissions {"permissions":["firebase.projects.get"]}
[info] 
Detected existing codebase(s): default

[info] 
Overwriting codebase default...

[info] i  functions/package.json is unchanged 
[info] i  functions/.eslintrc.js is unchanged 
[info] i  functions/tsconfig.dev.json is unchanged 
[info] i  functions/tsconfig.json is unchanged 
[info] +  Wrote functions/src/index.ts 
[info] i  functions/.gitignore is unchanged 
[debug] [2025-07-22T08:32:11.954Z] ExitPromptError: User force closed the prompt with SIGINT
    at Interface.sigint (C:\Users\ralph\AppData\Roaming\npm\node_modules\firebase-tools\node_modules\@inquirer\core\dist\commonjs\lib\create-prompt.js:101:37)
    at Interface.emit (node:events:524:28)
    at Interface.emit (node:domain:489:12)
    at [_ttyWrite] [as _ttyWrite] (node:internal/readline/interface:1124:18)
    at ReadStream.onkeypress (node:internal/readline/interface:263:20)
    at ReadStream.emit (node:events:536:35)
    at ReadStream.emit (node:domain:489:12)
    at emitKeys (node:internal/readline/utils:370:14)
    at emitKeys.next (<anonymous>)
    at ReadStream.onData (node:internal/readline/emitKeypressEvents:64:36)
[error] 
[error] Error: An unexpected error has occurred.
